[debug] ----------------------------------------------------------------------
[debug] Command:      /usr/local/bin/node /usr/local/bin/firebase deploy
[debug] CLI Version:  3.0.2
[debug] Platform:     darwin
[debug] Node Version: v5.4.1
[debug] Time:         Tue Jun 21 2016 00:35:57 GMT-0400 (EDT)
[debug] ----------------------------------------------------------------------
[debug] 
[warn] ⚠  "firebase" key in firebase.json is deprecated. Run firebase use --add instead
[warn] ⚠  Deprecation Warning: Firebase Hosting configuration should be moved under "hosting" key.
[debug] > command requires scopes: ["email","openid","https://www.googleapis.com/auth/cloudplatformprojects.readonly","https://www.googleapis.com/auth/firebase"]
[debug] >>> HTTP REQUEST GET https://admin.firebase.com/v1/projects/project-2394026542962595031 
[debug] <<< HTTP RESPONSE 200
[debug] >>> HTTP REQUEST GET https://admin.firebase.com/v1/database/project-2394026542962595031/tokens 
[debug] <<< HTTP RESPONSE 200
[info] 
[info] === Deploying to 'project-2394026542962595031'...
[info] 
[info] i  deploying hosting
[info] i  hosting: preparing dist directory for upload...
[debug] >>> HTTP REQUEST PUT https://deploy.firebase.com/v1/hosting/project-2394026542962595031/uploads/-KKlEa8SWbHSihCkBOd5?fileCount=1178&message= 
